Model Summary:
None
game.name: queen_endgame
game.max_depth: 3
game.train_steps: 15
game.lambda_value: 0.9
queen_endgame 1 of 10
Searching
start_state:
k . . . . . . .
. . . . . . . .
. . . . . . . .
. Q . . . . . .
K . . . . . . .
. . . . . . . .
. . . . . . . .
. . . . . . . .
end_state:
. k . . . . . .
. . . . . . . .
. . . . . . . .
Q . . . . . . .
. . . . . . . .
. K . . . . . .
. . . . . . . .
. . . . . . . .
real_reward: 1
pv_reward: 0.20412997901439667
Training
old_eval: [0.2584957778453827, 0.030428187921643257, 0.036181654781103134, 0.20412997901439667]
new_eval: [0.2035708725452423, 0.18742480874061584, 0.16805502772331238, 0.20471221208572388]
time: 1.8727 sec
queen_endgame 2 of 10
Searching
start_state:
. . . . . K . .
. . . . . . . q
. . . . . . k .
. . . . . . . .
. . . . . . . .
. . . . . . . .
. . . . . . . .
. . . . . . . .
end_state:
. . . . . K . .
. . . . . q . .
. . . . . . k .
. . . . . . . .
. . . . . . . .
. . . . . . . .
. . . . . . . .
. . . . . . . .
real_reward: -1
pv_reward: -1
Training
old_eval: [0.10511903464794159, 0.05797319486737251]
new_eval: [-0.15397752821445465, -0.24440734088420868]
time: 1.3064 sec
queen_endgame 3 of 10
Searching
start_state:
. . . . . . . .
K . . . . . . .
. . . . . . . .
. . . . . . . .
. . . . . . . .
k . . . . . . .
. q . . . . . .
. . . . . . . .
end_state:
. . . . . . . .
. . . . . . . .
K . . . . . . .
. q . . . . . .
k . . . . . . .
. . . . . . . .
. . . . . . . .
. . . . . . . .
real_reward: -1
pv_reward: -0.18431350588798523
Training
old_eval: [-0.024831820279359818, -0.06673885136842728, 0.010115869343280792, -0.18431350588798523]
new_eval: [-0.18810319900512695, -0.18117888271808624, -0.16636055707931519, -0.18400155007839203]
time: 1.7597 sec
queen_endgame 4 of 10
Searching
start_state:
. . . . q . . .
. . . . . k . .
K . . . . . . .
. . . . . . . .
. . . . . . . .
. . . . . . . .
. . . . . . . .
. . . . . . . .
end_state:
q . . . . . k .
. . . . . . . .
. . . . . . . .
. K . . . . . .
. . . . . . . .
. . . . . . . .
. . . . . . . .
. . . . . . . .
real_reward: -1
pv_reward: -0.2274753302335739
Training
old_eval: [-0.17312878370285034, -0.11963145434856415, -0.031668469309806824, -0.2274753302335739]
new_eval: [-0.2265491932630539, -0.2269488275051117, -0.2042122483253479, -0.22753934562206268]
time: 2.0902 sec
queen_endgame 5 of 10
Searching
start_state:
. . . . . . . .
. . . . . . . .
. . . . . . . .
. . . . . . . .
. . . . . . . .
. . . . . . . .
. . K Q . . . .
. . . . . . . k
